<?xml version="1.0" encoding="UTF-8"?>
<!-- Generated by org.testng.reporters.JUnitReportReporter -->
<testsuite skipped="0" hostname="LAP00619" name="testcases.SanityTest" tests="3" failures="0" timestamp="01 Aug 2023 09:49:41 GMT" time="40.835" errors="0">
  <testcase name="runSanityTest" time="15.648" classname="testcases.SanityTest"/>
  <testcase name="runSanityTest" time="12.093" classname="testcases.SanityTest"/>
  <testcase name="runSanityTest" time="13.094" classname="testcases.SanityTest"/>
</testsuite> <!-- testcases.SanityTest -->
